# JRE version: Java(TM) SE Runtime Environment (17.0.8+9) (build 17.0.8+9-LTS-211)
# Java VM: Java HotSpot(TM) 64-Bit Server VM (17.0.8+9-LTS-211, mixed mode, sharing, tiered, compressed oops, compressed class ptrs, g1 gc, windows-amd64)
GC Precious Log:
 CPUs: 8 total, 8 available
 Memory: 16064M
 Large Page Support: Disabled
 NUMA Support: Disabled
 Compressed Oops: Enabled (32-bit)
 Heap Region Size: 1M
 Heap Min Capacity: 256M
 Heap Initial Capacity: 256M
 Heap Max Capacity: 512M
 Pre-touch: Disabled
 Parallel Workers: 8
 Concurrent Workers: 2
 Concurrent Refinement Workers: 8
 Periodic GC: Disabled
Heap:
 garbage-first heap   total 262144K, used 173362K [0x00000000e0000000, 0x0000000100000000)
  region size 1024K, 141 young (144384K), 4 survivors (4096K)
 Metaspace       used 32428K, committed 32768K, reserved 1114112K
  class space    used 4143K, committed 4288K, reserved 1048576K
GC Heap History (12 events):
Event: 0.458 GC heap before
{Heap before GC invocations=0 (full 0):
 garbage-first heap   total 262144K, used 22528K [0x00000000e0000000, 0x0000000100000000)
  region size 1024K, 23 young (23552K), 0 survivors (0K)
 Metaspace       used 4138K, committed 4352K, reserved 1114112K
  class space    used 471K, committed 576K, reserved 1048576K
}
Event: 0.460 GC heap after
{Heap after GC invocations=1 (full 0):
 garbage-first heap   total 262144K, used 3926K [0x00000000e0000000, 0x0000000100000000)
  region size 1024K, 3 young (3072K), 3 survivors (3072K)
 Metaspace       used 4138K, committed 4352K, reserved 1114112K
  class space    used 471K, committed 576K, reserved 1048576K
}
Event: 0.933 GC heap before
{Heap before GC invocations=1 (full 0):
 garbage-first heap   total 262144K, used 39766K [0x00000000e0000000, 0x0000000100000000)
  region size 1024K, 36 young (36864K), 3 survivors (3072K)
 Metaspace       used 12099K, committed 12416K, reserved 1114112K
  class space    used 1505K, committed 1664K, reserved 1048576K
}
Event: 0.938 GC heap after
{Heap after GC invocations=2 (full 0):
 garbage-first heap   total 262144K, used 15911K [0x00000000e0000000, 0x0000000100000000)
  region size 1024K, 5 young (5120K), 5 survivors (5120K)
 Metaspace       used 12099K, committed 12416K, reserved 1114112K
  class space    used 1505K, committed 1664K, reserved 1048576K
}
Event: 1.494 GC heap before
{Heap before GC invocations=2 (full 0):
 garbage-first heap   total 262144K, used 36391K [0x00000000e0000000, 0x0000000100000000)
  region size 1024K, 26 young (26624K), 5 survivors (5120K)
 Metaspace       used 21243K, committed 21504K, reserved 1114112K
  class space    used 2741K, committed 2880K, reserved 1048576K
}
Event: 1.498 GC heap after
{Heap after GC invocations=3 (full 0):
 garbage-first heap   total 262144K, used 19639K [0x00000000e0000000, 0x0000000100000000)
  region size 1024K, 4 young (4096K), 4 survivors (4096K)
 Metaspace       used 21243K, committed 21504K, reserved 1114112K
  class space    used 2741K, committed 2880K, reserved 1048576K
}
Event: 5.326 GC heap before
{Heap before GC invocations=4 (full 0):
 garbage-first heap   total 262144K, used 110775K [0x00000000e0000000, 0x0000000100000000)
  region size 1024K, 92 young (94208K), 4 survivors (4096K)
 Metaspace       used 27704K, committed 28032K, reserved 1114112K
  class space    used 3723K, committed 3904K, reserved 1048576K
}
Event: 5.332 GC heap after
{Heap after GC invocations=5 (full 0):
 garbage-first heap   total 262144K, used 29171K [0x00000000e0000000, 0x0000000100000000)
  region size 1024K, 11 young (11264K), 11 survivors (11264K)
 Metaspace       used 27704K, committed 28032K, reserved 1114112K
  class space    used 3723K, committed 3904K, reserved 1048576K
}
Event: 5.338 GC heap before
{Heap before GC invocations=5 (full 0):
 garbage-first heap   total 262144K, used 30195K [0x00000000e0000000, 0x0000000100000000)
  region size 1024K, 12 young (12288K), 11 survivors (11264K)
 Metaspace       used 27707K, committed 28032K, reserved 1114112K
  class space    used 3723K, committed 3904K, reserved 1048576K
}
Event: 5.344 GC heap after
{Heap after GC invocations=6 (full 0):
 garbage-first heap   total 262144K, used 29214K [0x00000000e0000000, 0x0000000100000000)
  region size 1024K, 1 young (1024K), 1 survivors (1024K)
 Metaspace       used 27707K, committed 28032K, reserved 1114112K
  class space    used 3723K, committed 3904K, reserved 1048576K
}
Event: 9.035 GC heap before
{Heap before GC invocations=6 (full 0):
 garbage-first heap   total 262144K, used 153118K [0x00000000e0000000, 0x0000000100000000)
  region size 1024K, 122 young (124928K), 1 survivors (1024K)
 Metaspace       used 29776K, committed 30144K, reserved 1114112K
  class space    used 3844K, committed 4032K, reserved 1048576K
}
Event: 9.038 GC heap after
{Heap after GC invocations=7 (full 0):
 garbage-first heap   total 262144K, used 32050K [0x00000000e0000000, 0x0000000100000000)
  region size 1024K, 4 young (4096K), 4 survivors (4096K)
 Metaspace       used 29776K, committed 30144K, reserved 1114112K
  class space    used 3844K, committed 4032K, reserved 1048576K
}

