# JRE version: Java(TM) SE Runtime Environment (17.0.8+9) (build 17.0.8+9-LTS-211)
# Java VM: Java HotSpot(TM) 64-Bit Server VM (17.0.8+9-LTS-211, mixed mode, sharing, tiered, compressed oops, compressed class ptrs, serial gc, windows-amd64)
GC Precious Log:
 CPUs: 8 total, 8 available
 Memory: 16064M
 Large Page Support: Disabled
 NUMA Support: Disabled
 Compressed Oops: Enabled (32-bit)
 Heap Min Capacity: 512M
 Heap Initial Capacity: 512M
 Heap Max Capacity: 1536M
 Pre-touch: Disabled
Heap:
 def new generation   total 157376K, used 120733K [0x00000000a0000000, 0x00000000aaac0000, 0x00000000c0000000)
  eden space 139904K,  79% used [0x00000000a0000000, 0x00000000a6bff8f8, 0x00000000a88a0000)
  from space 17472K,  58% used [0x00000000a99b0000, 0x00000000aa397e50, 0x00000000aaac0000)
  to   space 17472K,   0% used [0x00000000a88a0000, 0x00000000a88a0000, 0x00000000a99b0000)
 tenured generation   total 349568K, used 17092K [0x00000000c0000000, 0x00000000d5560000, 0x0000000100000000)
   the space 349568K,   4% used [0x00000000c0000000, 0x00000000c10b1358, 0x00000000c10b1400, 0x00000000d5560000)
 Metaspace       used 29968K, committed 30336K, reserved 1114112K
  class space    used 3861K, committed 4032K, reserved 1048576K
GC Heap History (4 events):
Event: 1.500 GC heap before
{Heap before GC invocations=0 (full 0):
 def new generation   total 157248K, used 104241K [0x00000000a0000000, 0x00000000aaaa0000, 0x00000000c0000000)
  eden space 139776K,  74% used [0x00000000a0000000, 0x00000000a65cc550, 0x00000000a8880000)
  from space 17472K,   0% used [0x00000000a8880000, 0x00000000a8880000, 0x00000000a9990000)
  to   space 17472K,   0% used [0x00000000a9990000, 0x00000000a9990000, 0x00000000aaaa0000)
 tenured generation   total 349568K, used 0K [0x00000000c0000000, 0x00000000d5560000, 0x0000000100000000)
   the space 349568K,   0% used [0x00000000c0000000, 0x00000000c0000000, 0x00000000c0000200, 0x00000000d5560000)
 Metaspace       used 21267K, committed 21504K, reserved 1114112K
  class space    used 2741K, committed 2880K, reserved 1048576K
}
Event: 1.535 GC heap after
{Heap after GC invocations=1 (full 1):
 def new generation   total 157376K, used 0K [0x00000000a0000000, 0x00000000aaac0000, 0x00000000c0000000)
  eden space 139904K,   0% used [0x00000000a0000000, 0x00000000a0000000, 0x00000000a88a0000)
  from space 17472K,   0% used [0x00000000a88a0000, 0x00000000a88a0000, 0x00000000a99b0000)
  to   space 17472K,   0% used [0x00000000a99b0000, 0x00000000a99b0000, 0x00000000aaac0000)
 tenured generation   total 349568K, used 17092K [0x00000000c0000000, 0x00000000d5560000, 0x0000000100000000)
   the space 349568K,   4% used [0x00000000c0000000, 0x00000000c10b1358, 0x00000000c10b1400, 0x00000000d5560000)
 Metaspace       used 21267K, committed 21504K, reserved 1114112K
  class space    used 2741K, committed 2880K, reserved 1048576K
}
Event: 26.633 GC heap before
{Heap before GC invocations=1 (full 1):
 def new generation   total 157376K, used 139904K [0x00000000a0000000, 0x00000000aaac0000, 0x00000000c0000000)
  eden space 139904K, 100% used [0x00000000a0000000, 0x00000000a88a0000, 0x00000000a88a0000)
  from space 17472K,   0% used [0x00000000a88a0000, 0x00000000a88a0000, 0x00000000a99b0000)
  to   space 17472K,   0% used [0x00000000a99b0000, 0x00000000a99b0000, 0x00000000aaac0000)
 tenured generation   total 349568K, used 17092K [0x00000000c0000000, 0x00000000d5560000, 0x0000000100000000)
   the space 349568K,   4% used [0x00000000c0000000, 0x00000000c10b1358, 0x00000000c10b1400, 0x00000000d5560000)
 Metaspace       used 29180K, committed 29504K, reserved 1114112K
  class space    used 3859K, committed 4032K, reserved 1048576K
}
Event: 26.651 GC heap after
{Heap after GC invocations=2 (full 1):
 def new generation   total 157376K, used 10143K [0x00000000a0000000, 0x00000000aaac0000, 0x00000000c0000000)
  eden space 139904K,   0% used [0x00000000a0000000, 0x00000000a0000000, 0x00000000a88a0000)
  from space 17472K,  58% used [0x00000000a99b0000, 0x00000000aa397e50, 0x00000000aaac0000)
  to   space 17472K,   0% used [0x00000000a88a0000, 0x00000000a88a0000, 0x00000000a99b0000)
 tenured generation   total 349568K, used 17092K [0x00000000c0000000, 0x00000000d5560000, 0x0000000100000000)
   the space 349568K,   4% used [0x00000000c0000000, 0x00000000c10b1358, 0x00000000c10b1400, 0x00000000d5560000)
 Metaspace       used 29180K, committed 29504K, reserved 1114112K
  class space    used 3859K, committed 4032K, reserved 1048576K
}

